18:17:04.341 INFO - Launching a standalone Selenium Server
18:17:04.409 INFO - Java: Oracle Corporation 25.121-b13
18:17:04.409 INFO - OS: Windows 10 10.0 x86
18:17:04.415 INFO - v2.53.0, with Core v2.53.0. Built from revision 35ae25b
18:17:04.451 INFO - Driver class not found: com.opera.core.systems.OperaDriver
18:17:04.451 INFO - Driver provider com.opera.core.systems.OperaDriver is not registered
18:17:04.455 INFO - Driver provider org.openqa.selenium.safari.SafariDriver registration is skipped:
registration capabilities Capabilities [{browserName=safari, version=, platform=MAC}] does not match the current platform WIN10
18:17:04.455 INFO - Driver class not found: org.openqa.selenium.htmlunit.HtmlUnitDriver
18:17:04.456 INFO - Driver provider org.openqa.selenium.htmlunit.HtmlUnitDriver is not registered
18:17:04.543 INFO - RemoteWebDriver instances should connect to: http://127.0.0.1:4444/wd/hub
18:17:04.543 INFO - Selenium Server is up and running
18:17:04.731 INFO - Executing: [new session: Capabilities [{acceptSslCerts=true, name=Author Search, browserName=chrome, javascriptEnabled=true, platform=ANY}]])
18:17:04.742 INFO - Creating a new session for Capabilities [{acceptSslCerts=true, name=Author Search, browserName=chrome, javascriptEnabled=true, platform=ANY}]
Starting ChromeDriver 2.28.455520 (cc17746adff54984afff480136733114c6b3704b) on port 20100
Only local connections are allowed.
18:17:07.522 INFO - Done: [new session: Capabilities [{acceptSslCerts=true, name=Author Search, browserName=chrome, javascriptEnabled=true, platform=ANY}]]
18:17:07.536 INFO - Executing: [get: https://umairali17.github.io/Adv-Front-End-Two/dist/])
18:17:08.045 INFO - Done: [get: https://umairali17.github.io/Adv-Front-End-Two/dist/]
18:17:08.050 INFO - Executing: [find elements: By.cssSelector: body])
18:17:08.077 INFO - Done: [find elements: By.cssSelector: body]
18:17:08.082 INFO - Executing: [is displayed: 0 [[ChromeDriver: chrome on XP (7bd0284ea474071d88d79725095c3edd)] -> css selector: body]])
18:17:08.096 INFO - Done: [is displayed: 0 [[ChromeDriver: chrome on XP (7bd0284ea474071d88d79725095c3edd)] -> css selector: body]]
18:17:08.101 INFO - Executing: [find element: By.cssSelector: input[type=text]])
18:17:08.116 INFO - Done: [find element: By.cssSelector: input[type=text]]
18:17:08.118 INFO - Executing: [is displayed: 1 [[ChromeDriver: chrome on XP (7bd0284ea474071d88d79725095c3edd)] -> css selector: input[type=text]]])
18:17:08.133 INFO - Done: [is displayed: 1 [[ChromeDriver: chrome on XP (7bd0284ea474071d88d79725095c3edd)] -> css selector: input[type=text]]]
18:17:08.137 INFO - Executing: [find element: By.cssSelector: input[type=text]])
18:17:08.142 INFO - Done: [find element: By.cssSelector: input[type=text]]
18:17:08.144 INFO - Executing: [send keys: 1 [[ChromeDriver: chrome on XP (7bd0284ea474071d88d79725095c3edd)] -> css selector: input[type=text]], [B, r, e, n]])
18:17:08.186 INFO - Done: [send keys: 1 [[ChromeDriver: chrome on XP (7bd0284ea474071d88d79725095c3edd)] -> css selector: input[type=text]], [B, r, e, n]]
18:17:08.190 INFO - Executing: [find elements: By.cssSelector: .author_search_det])
18:17:08.206 INFO - Done: [find elements: By.cssSelector: .author_search_det]
18:17:08.208 INFO - Executing: [is displayed: 2 [[ChromeDriver: chrome on XP (7bd0284ea474071d88d79725095c3edd)] -> css selector: .author_search_det]])
18:17:08.222 INFO - Done: [is displayed: 2 [[ChromeDriver: chrome on XP (7bd0284ea474071d88d79725095c3edd)] -> css selector: .author_search_det]]
18:17:08.226 INFO - Executing: [find element: By.cssSelector: .author_search_det])
18:17:08.240 INFO - Done: [find element: By.cssSelector: .author_search_det]
18:17:08.242 INFO - Executing: [click: 2 [[ChromeDriver: chrome on XP (7bd0284ea474071d88d79725095c3edd)] -> css selector: .author_search_det]])
18:17:09.009 INFO - Done: [click: 2 [[ChromeDriver: chrome on XP (7bd0284ea474071d88d79725095c3edd)] -> css selector: .author_search_det]]
18:17:10.021 INFO - Executing: [find element: By.cssSelector: .prof-name])
18:17:10.075 INFO - Done: [find element: By.cssSelector: .prof-name]
18:17:10.080 INFO - Executing: [get text: 3 [[ChromeDriver: chrome on XP (7bd0284ea474071d88d79725095c3edd)] -> css selector: .prof-name]])
18:17:10.105 INFO - Done: [get text: 3 [[ChromeDriver: chrome on XP (7bd0284ea474071d88d79725095c3edd)] -> css selector: .prof-name]]
18:17:10.109 INFO - Executing: [delete session: 59ecf4a1-3380-4bb8-8c0b-7d2efc4a87b9])
18:17:11.001 INFO - Done: [delete session: 59ecf4a1-3380-4bb8-8c0b-7d2efc4a87b9]
18:17:11.010 INFO - Executing: [new session: Capabilities [{acceptSslCerts=true, name=Author Search, browserName=chrome, javascriptEnabled=true, platform=ANY}]])
18:17:11.010 INFO - Creating a new session for Capabilities [{acceptSslCerts=true, name=Author Search, browserName=chrome, javascriptEnabled=true, platform=ANY}]
Starting ChromeDriver 2.28.455520 (cc17746adff54984afff480136733114c6b3704b) on port 15886
Only local connections are allowed.
18:17:12.909 INFO - Done: [new session: Capabilities [{acceptSslCerts=true, name=Author Search, browserName=chrome, javascriptEnabled=true, platform=ANY}]]
18:17:12.921 INFO - Executing: [get: https://umairali17.github.io/Adv-Front-End-Two/dist/])
18:17:13.281 INFO - Done: [get: https://umairali17.github.io/Adv-Front-End-Two/dist/]
18:17:13.284 INFO - Executing: [find elements: By.cssSelector: body])
18:17:13.302 INFO - Done: [find elements: By.cssSelector: body]
18:17:13.305 INFO - Executing: [is displayed: 0 [[ChromeDriver: chrome on XP (1df6dffe363be408554e8c99bada9590)] -> css selector: body]])
18:17:13.320 INFO - Done: [is displayed: 0 [[ChromeDriver: chrome on XP (1df6dffe363be408554e8c99bada9590)] -> css selector: body]]
18:17:13.323 INFO - Executing: [find element: By.cssSelector: input[type=text]])
18:17:13.339 INFO - Done: [find element: By.cssSelector: input[type=text]]
18:17:13.342 INFO - Executing: [is displayed: 1 [[ChromeDriver: chrome on XP (1df6dffe363be408554e8c99bada9590)] -> css selector: input[type=text]]])
18:17:13.356 INFO - Done: [is displayed: 1 [[ChromeDriver: chrome on XP (1df6dffe363be408554e8c99bada9590)] -> css selector: input[type=text]]]
18:17:13.359 INFO - Executing: [find element: By.cssSelector: input[type=text]])
18:17:13.365 INFO - Done: [find element: By.cssSelector: input[type=text]]
18:17:13.370 INFO - Executing: [send keys: 1 [[ChromeDriver: chrome on XP (1df6dffe363be408554e8c99bada9590)] -> css selector: input[type=text]], [H, a, w]])
18:17:13.405 INFO - Done: [send keys: 1 [[ChromeDriver: chrome on XP (1df6dffe363be408554e8c99bada9590)] -> css selector: input[type=text]], [H, a, w]]
18:17:13.407 INFO - Executing: [find elements: By.cssSelector: .author_search_det])
18:17:13.423 INFO - Done: [find elements: By.cssSelector: .author_search_det]
18:17:14.429 INFO - Executing: [delete session: b4b9bc5a-fad8-44f8-9e78-ce3bb9f29a60])
18:17:15.214 INFO - Done: [delete session: b4b9bc5a-fad8-44f8-9e78-ce3bb9f29a60]
18:17:15.221 INFO - Executing: [new session: Capabilities [{acceptSslCerts=true, name=Author Search, browserName=chrome, javascriptEnabled=true, platform=ANY}]])
18:17:15.222 INFO - Creating a new session for Capabilities [{acceptSslCerts=true, name=Author Search, browserName=chrome, javascriptEnabled=true, platform=ANY}]
Starting ChromeDriver 2.28.455520 (cc17746adff54984afff480136733114c6b3704b) on port 1085
Only local connections are allowed.
18:17:17.110 INFO - Done: [new session: Capabilities [{acceptSslCerts=true, name=Author Search, browserName=chrome, javascriptEnabled=true, platform=ANY}]]
18:17:17.114 INFO - Executing: [get: https://umairali17.github.io/Adv-Front-End-Two/dist/])
18:17:17.373 INFO - Done: [get: https://umairali17.github.io/Adv-Front-End-Two/dist/]
18:17:17.377 INFO - Executing: [find elements: By.cssSelector: body])
18:17:17.398 INFO - Done: [find elements: By.cssSelector: body]
18:17:17.400 INFO - Executing: [is displayed: 0 [[ChromeDriver: chrome on XP (ed8a9551c0e257642cbf9228b1e8e38a)] -> css selector: body]])
18:17:17.414 INFO - Done: [is displayed: 0 [[ChromeDriver: chrome on XP (ed8a9551c0e257642cbf9228b1e8e38a)] -> css selector: body]]
18:17:17.419 INFO - Executing: [find element: By.cssSelector: input[type=text]])
18:17:17.435 INFO - Done: [find element: By.cssSelector: input[type=text]]
18:17:17.439 INFO - Executing: [is displayed: 1 [[ChromeDriver: chrome on XP (ed8a9551c0e257642cbf9228b1e8e38a)] -> css selector: input[type=text]]])
18:17:17.455 INFO - Done: [is displayed: 1 [[ChromeDriver: chrome on XP (ed8a9551c0e257642cbf9228b1e8e38a)] -> css selector: input[type=text]]]
18:17:17.457 INFO - Executing: [find element: By.cssSelector: input[type=text]])
18:17:17.463 INFO - Done: [find element: By.cssSelector: input[type=text]]
18:17:17.466 INFO - Executing: [send keys: 1 [[ChromeDriver: chrome on XP (ed8a9551c0e257642cbf9228b1e8e38a)] -> css selector: input[type=text]], []])
18:17:17.497 INFO - Done: [send keys: 1 [[ChromeDriver: chrome on XP (ed8a9551c0e257642cbf9228b1e8e38a)] -> css selector: input[type=text]], []]
18:17:17.500 INFO - Executing: [find elements: By.cssSelector: .author_search_det])
18:17:17.515 INFO - Done: [find elements: By.cssSelector: .author_search_det]
18:17:18.522 INFO - Executing: [delete session: 46b8646d-7818-47e8-88e3-e2d31f16738d])
18:17:19.252 INFO - Done: [delete session: 46b8646d-7818-47e8-88e3-e2d31f16738d]
18:17:19.259 INFO - Executing: [new session: Capabilities [{acceptSslCerts=true, name=Author Search, browserName=chrome, javascriptEnabled=true, platform=ANY}]])
18:17:19.260 INFO - Creating a new session for Capabilities [{acceptSslCerts=true, name=Author Search, browserName=chrome, javascriptEnabled=true, platform=ANY}]
Starting ChromeDriver 2.28.455520 (cc17746adff54984afff480136733114c6b3704b) on port 13210
Only local connections are allowed.
18:17:21.138 INFO - Done: [new session: Capabilities [{acceptSslCerts=true, name=Author Search, browserName=chrome, javascriptEnabled=true, platform=ANY}]]
18:17:21.140 INFO - Executing: [get: https://umairali17.github.io/Adv-Front-End-Two/dist/])
18:17:21.405 INFO - Done: [get: https://umairali17.github.io/Adv-Front-End-Two/dist/]
18:17:21.407 INFO - Executing: [find elements: By.cssSelector: body])
18:17:21.427 INFO - Done: [find elements: By.cssSelector: body]
18:17:21.430 INFO - Executing: [is displayed: 0 [[ChromeDriver: chrome on XP (a07d3959faf14a9f26ae25c8e5a643a9)] -> css selector: body]])
18:17:21.443 INFO - Done: [is displayed: 0 [[ChromeDriver: chrome on XP (a07d3959faf14a9f26ae25c8e5a643a9)] -> css selector: body]]
18:17:21.446 INFO - Executing: [find element: By.cssSelector: input[type=text]])
18:17:21.462 INFO - Done: [find element: By.cssSelector: input[type=text]]
18:17:21.464 INFO - Executing: [is displayed: 1 [[ChromeDriver: chrome on XP (a07d3959faf14a9f26ae25c8e5a643a9)] -> css selector: input[type=text]]])
18:17:21.478 INFO - Done: [is displayed: 1 [[ChromeDriver: chrome on XP (a07d3959faf14a9f26ae25c8e5a643a9)] -> css selector: input[type=text]]]
18:17:21.481 INFO - Executing: [find element: By.cssSelector: input[type=text]])
18:17:21.487 INFO - Done: [find element: By.cssSelector: input[type=text]]
18:17:21.489 INFO - Executing: [send keys: 1 [[ChromeDriver: chrome on XP (a07d3959faf14a9f26ae25c8e5a643a9)] -> css selector: input[type=text]], [4, 5, 6, 1, 2]])
18:17:21.526 INFO - Done: [send keys: 1 [[ChromeDriver: chrome on XP (a07d3959faf14a9f26ae25c8e5a643a9)] -> css selector: input[type=text]], [4, 5, 6, 1, 2]]
18:17:21.532 INFO - Executing: [find elements: By.cssSelector: .author_search_det])
18:17:21.547 INFO - Done: [find elements: By.cssSelector: .author_search_det]
18:17:22.553 INFO - Executing: [delete session: dac995a6-765b-4f19-b7cc-f80c76b249e1])
18:17:23.288 INFO - Done: [delete session: dac995a6-765b-4f19-b7cc-f80c76b249e1]
